# JRE version: Java(TM) SE Runtime Environment (16.0+36) (build 16+36-2231)
# Java VM: Java HotSpot(TM) 64-Bit Server VM (16+36-2231, mixed mode, sharing, tiered, compressed oops, g1 gc, windows-amd64)
GC Precious Log:
 CPUs: 4 total, 4 available
 Memory: 3975M
 Large Page Support: Disabled
 NUMA Support: Disabled
 Compressed Oops: Enabled (32-bit)
 Heap Region Size: 1M
 Heap Min Capacity: 8M
 Heap Initial Capacity: 64M
 Heap Max Capacity: 994M
 Pre-touch: Disabled
 Parallel Workers: 4
 Concurrent Workers: 1
 Concurrent Refinement Workers: 4
 Periodic GC: Disabled
Heap:
 garbage-first heap   total 453632K, used 72644K [0x00000000c1e00000, 0x0000000100000000)
  region size 1024K, 20 young (20480K), 20 survivors (20480K)
 Metaspace       used 1443K, committed 1536K, reserved 1056768K
  class space    used 100K, committed 128K, reserved 1048576K
GC Heap History (20 events):
Event: 2.590 GC heap after
{Heap after GC invocations=13 (full 0):
 garbage-first heap   total 222208K, used 29036K [0x00000000c1e00000, 0x0000000100000000)
  region size 1024K, 10 young (10240K), 10 survivors (10240K)
 Metaspace       used 1443K, committed 1536K, reserved 1056768K
  class space    used 100K, committed 128K, reserved 1048576K
}
Event: 2.716 GC heap before
{Heap before GC invocations=13 (full 0):
 garbage-first heap   total 222208K, used 151916K [0x00000000c1e00000, 0x0000000100000000)
  region size 1024K, 130 young (133120K), 10 survivors (10240K)
 Metaspace       used 1443K, committed 1536K, reserved 1056768K
  class space    used 100K, committed 128K, reserved 1048576K
}
Event: 2.735 GC heap after
{Heap after GC invocations=14 (full 0):
 garbage-first heap   total 362496K, used 31578K [0x00000000c1e00000, 0x0000000100000000)
  region size 1024K, 10 young (10240K), 10 survivors (10240K)
 Metaspace       used 1443K, committed 1536K, reserved 1056768K
  class space    used 100K, committed 128K, reserved 1048576K
}
Event: 3.433 GC heap before
{Heap before GC invocations=14 (full 0):
 garbage-first heap   total 362496K, used 239450K [0x00000000c1e00000, 0x0000000100000000)
  region size 1024K, 212 young (217088K), 10 survivors (10240K)
 Metaspace       used 1443K, committed 1536K, reserved 1056768K
  class space    used 100K, committed 128K, reserved 1048576K
}
Event: 3.512 GC heap after
{Heap after GC invocations=15 (full 0):
 garbage-first heap   total 362496K, used 37713K [0x00000000c1e00000, 0x0000000100000000)
  region size 1024K, 15 young (15360K), 15 survivors (15360K)
 Metaspace       used 1443K, committed 1536K, reserved 1056768K
  class space    used 100K, committed 128K, reserved 1048576K
}
Event: 4.123 GC heap before
{Heap before GC invocations=15 (full 0):
 garbage-first heap   total 362496K, used 239441K [0x00000000c1e00000, 0x0000000100000000)
  region size 1024K, 212 young (217088K), 15 survivors (15360K)
 Metaspace       used 1443K, committed 1536K, reserved 1056768K
  class space    used 100K, committed 128K, reserved 1048576K
}
Event: 4.212 GC heap after
{Heap after GC invocations=16 (full 0):
 garbage-first heap   total 362496K, used 41018K [0x00000000c1e00000, 0x0000000100000000)
  region size 1024K, 17 young (17408K), 17 survivors (17408K)
 Metaspace       used 1443K, committed 1536K, reserved 1056768K
  class space    used 100K, committed 128K, reserved 1048576K
}
Event: 4.545 GC heap before
{Heap before GC invocations=16 (full 0):
 garbage-first heap   total 362496K, used 240698K [0x00000000c1e00000, 0x0000000100000000)
  region size 1024K, 212 young (217088K), 17 survivors (17408K)
 Metaspace       used 1443K, committed 1536K, reserved 1056768K
  class space    used 100K, committed 128K, reserved 1048576K
}
Event: 4.577 GC heap after
{Heap after GC invocations=17 (full 0):
 garbage-first heap   total 362496K, used 42495K [0x00000000c1e00000, 0x0000000100000000)
  region size 1024K, 14 young (14336K), 14 survivors (14336K)
 Metaspace       used 1443K, committed 1536K, reserved 1056768K
  class space    used 100K, committed 128K, reserved 1048576K
}
Event: 4.881 GC heap before
{Heap before GC invocations=17 (full 0):
 garbage-first heap   total 362496K, used 245247K [0x00000000c1e00000, 0x0000000100000000)
  region size 1024K, 212 young (217088K), 14 survivors (14336K)
 Metaspace       used 1443K, committed 1536K, reserved 1056768K
  class space    used 100K, committed 128K, reserved 1048576K
}
Event: 4.907 GC heap after
{Heap after GC invocations=18 (full 0):
 garbage-first heap   total 453632K, used 45567K [0x00000000c1e00000, 0x0000000100000000)
  region size 1024K, 17 young (17408K), 17 survivors (17408K)
 Metaspace       used 1443K, committed 1536K, reserved 1056768K
  class space    used 100K, committed 128K, reserved 1048576K
}
Event: 6.278 GC heap before
{Heap before GC invocations=18 (full 0):
 garbage-first heap   total 453632K, used 301567K [0x00000000c1e00000, 0x0000000100000000)
  region size 1024K, 265 young (271360K), 17 survivors (17408K)
 Metaspace       used 1443K, committed 1536K, reserved 1056768K
  class space    used 100K, committed 128K, reserved 1048576K
}
Event: 6.324 GC heap after
{Heap after GC invocations=19 (full 0):
 garbage-first heap   total 453632K, used 51711K [0x00000000c1e00000, 0x0000000100000000)
  region size 1024K, 21 young (21504K), 21 survivors (21504K)
 Metaspace       used 1443K, committed 1536K, reserved 1056768K
  class space    used 100K, committed 128K, reserved 1048576K
}
Event: 6.769 GC heap before
{Heap before GC invocations=19 (full 0):
 garbage-first heap   total 453632K, used 301567K [0x00000000c1e00000, 0x0000000100000000)
  region size 1024K, 265 young (271360K), 21 survivors (21504K)
 Metaspace       used 1443K, committed 1536K, reserved 1056768K
  class space    used 100K, committed 128K, reserved 1048576K
}
Event: 6.819 GC heap after
{Heap after GC invocations=20 (full 0):
 garbage-first heap   total 453632K, used 56434K [0x00000000c1e00000, 0x0000000100000000)
  region size 1024K, 22 young (22528K), 22 survivors (22528K)
 Metaspace       used 1443K, committed 1536K, reserved 1056768K
  class space    used 100K, committed 128K, reserved 1048576K
}
Event: 7.226 GC heap before
{Heap before GC invocations=20 (full 0):
 garbage-first heap   total 453632K, used 305266K [0x00000000c1e00000, 0x0000000100000000)
  region size 1024K, 265 young (271360K), 22 survivors (22528K)
 Metaspace       used 1443K, committed 1536K, reserved 1056768K
  class space    used 100K, committed 128K, reserved 1048576K
}
Event: 7.291 GC heap after
{Heap after GC invocations=21 (full 0):
 garbage-first heap   total 453632K, used 62003K [0x00000000c1e00000, 0x0000000100000000)
  region size 1024K, 22 young (22528K), 22 survivors (22528K)
 Metaspace       used 1443K, committed 1536K, reserved 1056768K
  class space    used 100K, committed 128K, reserved 1048576K
}
Event: 7.629 GC heap before
{Heap before GC invocations=21 (full 0):
 garbage-first heap   total 453632K, used 310835K [0x00000000c1e00000, 0x0000000100000000)
  region size 1024K, 265 young (271360K), 22 survivors (22528K)
 Metaspace       used 1443K, committed 1536K, reserved 1056768K
  class space    used 100K, committed 128K, reserved 1048576K
}
Event: 7.674 GC heap after
{Heap after GC invocations=22 (full 0):
 garbage-first heap   total 453632K, used 67493K [0x00000000c1e00000, 0x0000000100000000)
  region size 1024K, 20 young (20480K), 20 survivors (20480K)
 Metaspace       used 1443K, committed 1536K, reserved 1056768K
  class space    used 100K, committed 128K, reserved 1048576K
}
Event: 8.003 GC heap before
{Heap before GC invocations=22 (full 0):
 garbage-first heap   total 453632K, used 318373K [0x00000000c1e00000, 0x0000000100000000)
  region size 1024K, 265 young (271360K), 20 survivors (20480K)
 Metaspace       used 1443K, committed 1536K, reserved 1056768K
  class space    used 100K, committed 128K, reserved 1048576K
}

